<?xml version="1.0" encoding="UTF-8" ?>
<testsuite errors="0" failures="0" hostname="DESKTOP-BFDBLOM" name="gone.GameTest" skipped="0" tests="28" time="30.246" timestamp="2019-03-22T18:44:05">
  <properties>
    <property name="sun.desktop" value="windows" />
    <property name="awt.toolkit" value="sun.awt.windows.WToolkit" />
    <property name="ant.library.dir" value="C:/Users/jlkwo/OneDrive/Downloads/apache-ant-1.10.5-bin/apache-ant-1.10.5/lib" />
    <property name="ant.file.type" value="file" />
    <property name="java.specification.version" value="11" />
    <property name="ant.project.name" value="gone" />
    <property name="sun.cpu.isalist" value="amd64" />
    <property name="sun.jnu.encoding" value="Cp1252" />
    <property name="java.class.path" value="C:\Users\jlkwo\OneDrive\Downloads\apache-ant-1.10.5-bin\apache-ant-1.10.5\lib\hamcrest-core-1.3.jar;C:\Users\jlkwo\OneDrive\Documents\eclipse-workspace\gone\build;C:\Users\jlkwo\OneDrive\Downloads\apache-ant-1.10.5-bin\apache-ant-1.10.5\lib\junit-4.13-beta-2.jar;C:\Users\jlkwo\OneDrive\Downloads\apache-ant-1.10.5-bin\apache-ant-1.10.5\lib\ant-launcher.jar;C:\Users\jlkwo\OneDrive\Downloads\apache-ant-1.10.5-bin\apache-ant-1.10.5\lib\ant.jar;C:\Users\jlkwo\OneDrive\Downloads\apache-ant-1.10.5-bin\apache-ant-1.10.5\lib\ant-junit.jar;C:\Users\jlkwo\OneDrive\Downloads\apache-ant-1.10.5-bin\apache-ant-1.10.5\lib\ant-junit4.jar" />
    <property name="java.vm.vendor" value="Oracle Corporation" />
    <property name="sun.arch.data.model" value="64" />
    <property name="user.variant" value="" />
    <property name="java.vendor.url" value="http://java.oracle.com/" />
    <property name="user.timezone" value="" />
    <property name="java.vm.specification.version" value="11" />
    <property name="os.name" value="Windows 10" />
    <property name="sun.java.launcher" value="SUN_STANDARD" />
    <property name="user.country" value="US" />
    <property name="sun.boot.library.path" value="C:\Users\jlkwo\OneDrive\Downloads\jdk-11.0.2_windows-x64_bin\jdk-11.0.2\bin" />
    <property name="sun.java.command" value="org.apache.tools.ant.taskdefs.optional.junit.JUnitTestRunner gone.GameTest skipNonTests=false filtertrace=false haltOnError=false haltOnFailure=false formatter=org.apache.tools.ant.taskdefs.optional.junit.OutErrSummaryJUnitResultFormatter showoutput=false outputtoformatters=true logfailedtests=true threadid=0 logtestlistenerevents=false formatter=org.apache.tools.ant.taskdefs.optional.junit.XMLJUnitResultFormatter,C:\Users\jlkwo\OneDrive\Documents\eclipse-workspace\gone\report\junit\TEST-gone.GameTest.xml crashfile=C:\Users\jlkwo\OneDrive\Documents\eclipse-workspace\gone\junitvmwatcher5063677924802482607.properties propsfile=C:\Users\jlkwo\OneDrive\Documents\eclipse-workspace\gone\junit1812085738207942512.properties" />
    <property name="jdk.debug" value="release" />
    <property name="sun.cpu.endian" value="little" />
    <property name="user.home" value="C:\Users\jlkwo" />
    <property name="user.language" value="en" />
    <property name="java.specification.vendor" value="Oracle Corporation" />
    <property name="ant.file.gone" value="C:\Users\jlkwo\OneDrive\Documents\eclipse-workspace\gone\build.xml" />
    <property name="_jacoco.agentFile" value="C:\Users\jlkwo\AppData\Local\Temp\jacocoagent7027795682863421593.jar" />
    <property name="java.version.date" value="2019-01-15" />
    <property name="java.home" value="C:\Users\jlkwo\OneDrive\Downloads\jdk-11.0.2_windows-x64_bin\jdk-11.0.2" />
    <property name="basedir" value="C:\Users\jlkwo\OneDrive\Documents\eclipse-workspace\gone" />
    <property name="file.separator" value="\" />
    <property name="jacoco.file" value="report/jacoco/jacoco.exec" />
    <property name="java.vm.compressedOopsMode" value="Zero based" />
    <property name="line.separator" value="&#xd;&#xa;" />
    <property name="ant.java.version" value="11" />
    <property name="java.specification.name" value="Java Platform API Specification" />
    <property name="java.vm.specification.vendor" value="Oracle Corporation" />
    <property name="doc.dir" value="doc" />
    <property name="java.awt.graphicsenv" value="sun.awt.Win32GraphicsEnvironment" />
    <property name="user.script" value="" />
    <property name="sun.management.compiler" value="HotSpot 64-Bit Tiered Compilers" />
    <property name="java.runtime.version" value="11.0.2+9-LTS" />
    <property name="ant.file.type.gone" value="file" />
    <property name="user.name" value="jlkwo" />
    <property name="ant.file" value="C:\Users\jlkwo\OneDrive\Documents\eclipse-workspace\gone\build.xml" />
    <property name="path.separator" value=";" />
    <property name="jacoco.dir" value="report/jacoco" />
    <property name="os.version" value="10.0" />
    <property name="java.runtime.name" value="Java(TM) SE Runtime Environment" />
    <property name="ant.project.invoked-targets" value="report" />
    <property name="file.encoding" value="Cp1252" />
    <property name="java.vm.name" value="Java HotSpot(TM) 64-Bit Server VM" />
    <property name="java.vendor.version" value="18.9" />
    <property name="report.dir" value="report" />
    <property name="junit.dir" value="report/junit" />
    <property name="ant.core.lib" value="C:\Users\jlkwo\OneDrive\Downloads\apache-ant-1.10.5-bin\apache-ant-1.10.5\lib\ant.jar" />
    <property name="build.dir" value="build" />
    <property name="java.vendor.url.bug" value="http://bugreport.java.com/bugreport/" />
    <property name="java.io.tmpdir" value="C:\Users\jlkwo\AppData\Local\Temp\" />
    <property name="java.version" value="11.0.2" />
    <property name="user.dir" value="C:\Users\jlkwo\OneDrive\Documents\eclipse-workspace\gone" />
    <property name="os.arch" value="amd64" />
    <property name="java.vm.specification.name" value="Java Virtual Machine Specification" />
    <property name="java.awt.printerjob" value="sun.awt.windows.WPrinterJob" />
    <property name="ant.home" value="C:/Users/jlkwo/OneDrive/Downloads/apache-ant-1.10.5-bin/apache-ant-1.10.5" />
    <property name="sun.os.patch.level" value="" />
    <property name="ant.version" value="Apache Ant(TM) version 1.10.5 compiled on July 10 2018" />
    <property name="java.library.path" value="C:\Users\jlkwo\OneDrive\Downloads\jdk-11.0.2_windows-x64_bin\jdk-11.0.2\bin;C:\WINDOWS\Sun\Java\bin;C:\WINDOWS\system32;C:\WINDOWS;C:\Users\jlkwo\bin;C:\Program Files\Git\mingw64\bin;C:\Program Files\Git\usr\local\bin;C:\Program Files\Git\usr\bin;C:\Program Files\Git\usr\bin;C:\Program Files\Git\mingw64\bin;C:\Program Files\Git\usr\bin;C:\Users\jlkwo\bin;C:\Program Files\Haskell\bin;C:\Program Files\Haskell Platform\8.2.2\lib\extralibs\bin;C:\Program Files\Haskell Platform\8.2.2\bin;C:\ProgramData\Oracle\Java\javapath;C:\Program Files (x86)\Intel\iCLS Client;C:\Program Files\Intel\iCLS Client;C:\WINDOWS\system32;C:\WINDOWS;C:\WINDOWS\System32\Wbem;C:\WINDOWS\System32\WindowsPowerShell\v1.0;C:\Program Files (x86)\Intel\Intel(R) Management Engine Components\DAL;C:\Program Files\Intel\Intel(R) Management Engine Components\DAL;C:\Program Files (x86)\Intel\Intel(R) Management Engine Components\IPT;C:\Program Files\Intel\Intel(R) Management Engine Components\IPT;C:\Program Files\Intel\WiFi\bin;C:\Program Files\Common Files\Intel\WirelessCommon;C:\Program Files\PuTTY;C:\Program Files\Haskell Platform\8.2.2\mingw\bin;C:\WINDOWS\System32\OpenSSH;C:\Program Files\Git\cmd;C:\Program Files\nodejs;C:\Users\jlkwo\AppData\Roaming\cabal\bin;C:\Users\jlkwo\AppData\Local\Microsoft\WindowsApps;C:\Users\jlkwo\AppData\Local\Google\Cloud SDK\google-cloud-sdk\bin;C:\Users\jlkwo\AppData\Roaming\npm;C:\Users\jlkwo\OneDrive\Downloads\apache-ant-1.10.5-bin\apache-ant-1.10.5\bin;C:\Users\jlkwo\AppData\Local\GitHubDesktop\bin;C:\Program Files\Git\usr\bin\vendor_perl;C:\Program Files\Git\usr\bin\core_perl;." />
    <property name="java.vm.info" value="mixed mode" />
    <property name="java.vendor" value="Oracle Corporation" />
    <property name="java.vm.version" value="11.0.2+9-LTS" />
    <property name="sun.io.unicode.encoding" value="UnicodeLittle" />
    <property name="java.class.version" value="55.0" />
    <property name="src.dir" value="src" />
  </properties>
  <testcase classname="gone.GameTest" name="shouldReplacePebblesAroundLocationNominal" time="0.078" />
  <testcase classname="gone.GameTest" name="replaceIfBlackPebbleLocationOffBoardLeftEdge" time="0.033" />
  <testcase classname="gone.GameTest" name="shouldFailReplacingAroundNullLocation" time="0.013" />
  <testcase classname="gone.GameTest" name="locationShouldBeOffBoardTopEdge" time="0.016" />
  <testcase classname="gone.GameTest" name="playWithNoWhitePebblesShouldDoNothing" time="0.016" />
  <testcase classname="gone.GameTest" name="playWithExampleShouldWorkAsExpected" time="0.025" />
  <testcase classname="gone.GameTest" name="replaceIfBlackPebbleLocationOffBoardBottomEdge" time="0.0" />
  <testcase classname="gone.GameTest" name="shouldReplacePebblesOnBoardAndSkipPebblesOffBoard" time="0.007" />
  <testcase classname="gone.GameTest" name="replaceIfBlackPebbleLocationOffBoardTopEdge" time="0.0" />
  <testcase classname="gone.GameTest" name="locationShouldBeOffBoardRightEdge" time="0.0" />
  <testcase classname="gone.GameTest" name="boardContainsNoBlackPebbles" time="0.016" />
  <testcase classname="gone.GameTest" name="shouldFailToCheckLocationOnNullBoard" time="0.01" />
  <testcase classname="gone.GameTest" name="playWithNominalTest" time="0.0" />
  <testcase classname="gone.GameTest" name="locationShouldBeOffBoardLeftEdge" time="0.0" />
  <testcase classname="gone.GameTest" name="nullFailureBoardContainsBlackPebbles" time="0.002" />
  <testcase classname="gone.GameTest" name="emptyBoardContainsBlackPebbles" time="0.0" />
  <testcase classname="gone.GameTest" name="replaceIfBlackPebbleTrue" time="0.003" />
  <testcase classname="gone.GameTest" name="locationShouldBeOffBoardBottomEdge" time="0.012" />
  <testcase classname="gone.GameTest" name="playWithNullWhitePebblesShouldFail" time="0.007" />
  <testcase classname="gone.GameTest" name="nullParamsReplaceIfBlackPebble" time="0.0" />
  <testcase classname="gone.GameTest" name="locationShouldBeOnBoardLeftEdge" time="0.016" />
  <testcase classname="gone.GameTest" name="playWithMassiveBoard" time="29.613" />
  <testcase classname="gone.GameTest" name="replaceIfBlackPebbleLocationOffBoardRightEdge" time="0.0" />
  <testcase classname="gone.GameTest" name="locationShouldBeOnBoardCenter" time="0.012" />
  <testcase classname="gone.GameTest" name="shouldFailReplacingWithNonUniformBoardSize" time="0.015" />
  <testcase classname="gone.GameTest" name="replaceIfBlackPebbleNullSpotOnBoard" time="0.0" />
  <testcase classname="gone.GameTest" name="locationShouldBeOnBoardTopEdge" time="0.011" />
  <testcase classname="gone.GameTest" name="boardContainsBlackPebbles" time="0.013" />
  <system-out><![CDATA[]]></system-out>
  <system-err><![CDATA[]]></system-err>
</testsuite>
